<?xml version="1.0" encoding="UTF-8"?>
<testsuite xmlns:xsi="http://www.w3.org/2001/XMLSchema-instance" xsi:noNamespaceSchemaLocation="https://maven.apache.org/surefire/maven-surefire-plugin/xsd/surefire-test-report.xsd" version="3.0.2" name="com.distribuidora.inventory.SingleInventoryMigrationIntegrationTest" time="3.194" tests="1" errors="0" skipped="0" failures="0" flakes="0">
  <properties>
[...]
</properties>
  <testcase name="consolidatesBalancesAndPreservesBusinessRecordsWithoutDepotAttribution" classname="com.distribuidora.inventory.SingleInventoryMigrationIntegrationTest" time="1.281">
    <system-out><![CDATA[{"@timestamp":"2026-09-25T22:10:57.968608800Z","log":{"level":"INFO","logger":"org.testcontainers.DockerClientFactory"},"process":{"pid":27324,"thread":{"name":"main"}},"service":{"name":"distribuidora-backend","node":{}},"message":"Testcontainers version: 1.21.3","ecs":{"version":"8.11"}}
{"@timestamp":"2026-09-25T22:10:58.146403100Z","log":{"level":"INFO","logger":"org.testcontainers.dockerclient.DockerClientProviderStrategy"},"process":{"pid":27324,"thread":{"name":"main"}},"service":{"name":"distribuidora-backend","node":{}},"message":"Loaded org.testcontainers.dockerclient.NpipeSocketClientProviderStrategy from ~/.testcontainers.properties, will try it first","ecs":{"version":"8.11"}}
{"@timestamp":"2026-09-25T22:10:58.365595400Z","log":{"level":"INFO","logger":"org.testcontainers.dockerclient.DockerClientProviderStrategy"},"process":{"pid":27324,"thread":{"name":"main"}},"service":{"name":"distribuidora-backend","node":{}},"message":"Found Docker environment with local Npipe socket (npipe:////./pipe/docker_engine)","ecs":{"version":"8.11"}}
{"@timestamp":"2026-09-25T22:10:58.366945400Z","log":{"level":"INFO","logger":"org.testcontainers.DockerClientFactory"},"process":{"pid":27324,"thread":{"name":"main"}},"service":{"name":"distribuidora-backend","node":{}},"message":"Docker host IP address is localhost","ecs":{"version":"8.11"}}
{"@timestamp":"2026-09-25T22:10:58.383701100Z","log":{"level":"INFO","logger":"org.testcontainers.DockerClientFactory"},"process":{"pid":27324,"thread":{"name":"main"}},"service":{"name":"distribuidora-backend","node":{}},"message":"Connected to docker: \n  Server Version: 29.5.3\n  API Version: 1.54\n  Operating System: Docker Desktop\n  Total Memory: 15900 MB\n  Labels: \n    com.docker.desktop.address=npipe://\\\\.\\pipe\\docker_cli","ecs":{"version":"8.11"}}
{"@timestamp":"2026-09-25T22:10:58.393564900Z","log":{"level":"INFO","logger":"org.testcontainers.images.PullPolicy"},"process":{"pid":27324,"thread":{"name":"main"}},"service":{"name":"distribuidora-backend","node":{}},"message":"Image pull policy will be performed by: DefaultPullPolicy()","ecs":{"version":"8.11"}}
{"@timestamp":"2026-09-25T22:10:58.395001400Z","log":{"level":"INFO","logger":"org.testcontainers.utility.ImageNameSubstitutor"},"process":{"pid":27324,"thread":{"name":"main"}},"service":{"name":"distribuidora-backend","node":{}},"message":"Image name substitution will be performed by: DefaultImageNameSubstitutor (composite of 'ConfigurationFileImageNameSubstitutor' and 'PrefixingImageNameSubstitutor')","ecs":{"version":"8.11"}}
{"@timestamp":"2026-09-25T22:10:58.503433700Z","log":{"level":"INFO","logger":"tc.testcontainers/ryuk:0.12.0"},"process":{"pid":27324,"thread":{"name":"main"}},"service":{"name":"distribuidora-backend","node":{}},"message":"Creating container for image: testcontainers/ryuk:0.12.0","ecs":{"version":"8.11"}}
{"@timestamp":"2026-09-25T22:10:58.759648800Z","log":{"level":"INFO","logger":"tc.testcontainers/ryuk:0.12.0"},"process":{"pid":27324,"thread":{"name":"main"}},"service":{"name":"distribuidora-backend","node":{}},"message":"Container testcontainers/ryuk:0.12.0 is starting: 92a2b1521bfffe01bf3331bb71d2f825736f9b9cd857c9f54cbd2ebb92c4aa7f","ecs":{"version":"8.11"}}
{"@timestamp":"2026-09-25T22:10:59.141830300Z","log":{"level":"INFO","logger":"tc.testcontainers/ryuk:0.12.0"},"process":{"pid":27324,"thread":{"name":"main"}},"service":{"name":"distribuidora-backend","node":{}},"message":"Container testcontainers/ryuk:0.12.0 started in PT0.6377197S","ecs":{"version":"8.11"}}
{"@timestamp":"2026-09-25T22:10:59.146452300Z","log":{"level":"INFO","logger":"org.testcontainers.utility.RyukResourceReaper"},"process":{"pid":27324,"thread":{"name":"main"}},"service":{"name":"distribuidora-backend","node":{}},"message":"Ryuk started - will monitor and terminate Testcontainers containers on JVM exit","ecs":{"version":"8.11"}}
{"@timestamp":"2026-09-25T22:10:59.146452300Z","log":{"level":"INFO","logger":"org.testcontainers.DockerClientFactory"},"process":{"pid":27324,"thread":{"name":"main"}},"service":{"name":"distribuidora-backend","node":{}},"message":"Checking the system...","ecs":{"version":"8.11"}}
{"@timestamp":"2026-09-25T22:10:59.147023200Z","log":{"level":"INFO","logger":"org.testcontainers.DockerClientFactory"},"process":{"pid":27324,"thread":{"name":"main"}},"service":{"name":"distribuidora-backend","node":{}},"message":"✔︎ Docker server version should be at least 1.6.0","ecs":{"version":"8.11"}}
{"@timestamp":"2026-09-25T22:10:59.150263800Z","log":{"level":"INFO","logger":"tc.postgres:16-alpine"},"process":{"pid":27324,"thread":{"name":"main"}},"service":{"name":"distribuidora-backend","node":{}},"message":"Creating container for image: postgres:16-alpine","ecs":{"version":"8.11"}}
{"@timestamp":"2026-09-25T22:10:59.240229800Z","log":{"level":"INFO","logger":"tc.postgres:16-alpine"},"process":{"pid":27324,"thread":{"name":"main"}},"service":{"name":"distribuidora-backend","node":{}},"message":"Container postgres:16-alpine is starting: ca6a128e155c36a5c7d9276fc03db7c2c914083b4d8eac7ab4932b97f2b22049","ecs":{"version":"8.11"}}
{"@timestamp":"2026-09-25T22:11:00.576319700Z","log":{"level":"INFO","logger":"tc.postgres:16-alpine"},"process":{"pid":27324,"thread":{"name":"main"}},"service":{"name":"distribuidora-backend","node":{}},"message":"Container postgres:16-alpine started in PT1.4260559S","ecs":{"version":"8.11"}}
{"@timestamp":"2026-09-25T22:11:00.577100400Z","log":{"level":"INFO","logger":"tc.postgres:16-alpine"},"process":{"pid":27324,"thread":{"name":"main"}},"service":{"name":"distribuidora-backend","node":{}},"message":"Container is started (JDBC URL: jdbc:postgresql://localhost:54153/test?loggerLevel=OFF)","ecs":{"version":"8.11"}}
{"@timestamp":"2026-09-25T22:11:00.733927400Z","log":{"level":"INFO","logger":"org.flywaydb.core.FlywayExecutor"},"process":{"pid":27324,"thread":{"name":"main"}},"service":{"name":"distribuidora-backend","node":{}},"message":"Database: jdbc:postgresql://localhost:54153/test?loggerLevel=OFF (PostgreSQL 16.15)","ecs":{"version":"8.11"}}
{"@timestamp":"2026-09-25T22:11:00.789654300Z","log":{"level":"INFO","logger":"org.flywaydb.core.internal.schemahistory.JdbcTableSchemaHistory"},"process":{"pid":27324,"thread":{"name":"main"}},"service":{"name":"distribuidora-backend","node":{}},"message":"Schema history table \"public\".\"flyway_schema_history\" does not exist yet","ecs":{"version":"8.11"}}
{"@timestamp":"2026-09-25T22:11:00.793557700Z","log":{"level":"INFO","logger":"org.flywaydb.core.internal.command.DbValidate"},"process":{"pid":27324,"thread":{"name":"main"}},"service":{"name":"distribuidora-backend","node":{}},"message":"Successfully validated 24 migrations (execution time 00:00.025s)","ecs":{"version":"8.11"}}
{"@timestamp":"2026-09-25T22:11:00.813726Z","log":{"level":"INFO","logger":"org.flywaydb.core.internal.schemahistory.JdbcTableSchemaHistory"},"process":{"pid":27324,"thread":{"name":"main"}},"service":{"name":"distribuidora-backend","node":{}},"message":"Creating Schema History table \"public\".\"flyway_schema_history\" ...","ecs":{"version":"8.11"}}
{"@timestamp":"2026-09-25T22:11:00.862131700Z","log":{"level":"INFO","logger":"org.flywaydb.core.internal.command.DbMigrate"},"process":{"pid":27324,"thread":{"name":"main"}},"service":{"name":"distribuidora-backend","node":{}},"message":"Current version of schema \"public\": << Empty Schema >>","ecs":{"version":"8.11"}}
{"@timestamp":"2026-09-25T22:11:00.868415700Z","log":{"level":"INFO","logger":"org.flywaydb.core.internal.command.DbMigrate"},"process":{"pid":27324,"thread":{"name":"main"}},"service":{"name":"distribuidora-backend","node":{}},"message":"Migrating schema \"public\" to version \"1 - create module schemas\"","ecs":{"version":"8.11"}}
{"@timestamp":"2026-09-25T22:11:00.899248100Z","log":{"level":"INFO","logger":"org.flywaydb.core.internal.command.DbMigrate"},"process":{"pid":27324,"thread":{"name":"main"}},"service":{"name":"distribuidora-backend","node":{}},"message":"Migrating schema \"public\" to version \"2 - create identity and audit tables\"","ecs":{"version":"8.11"}}
{"@timestamp":"2026-09-25T22:11:00.942047700Z","log":{"level":"INFO","logger":"org.flywaydb.core.internal.command.DbMigrate"},"process":{"pid":27324,"thread":{"name":"main"}},"service":{"name":"distribuidora-backend","node":{}},"message":"Migrating schema \"public\" to version \"3 - create commercial tables\"","ecs":{"version":"8.11"}}
{"@timestamp":"2026-09-25T22:11:00.997510700Z","log":{"level":"INFO","logger":"org.flywaydb.core.internal.command.DbMigrate"},"process":{"pid":27324,"thread":{"name":"main"}},"service":{"name":"distribuidora-backend","node":{}},"message":"Migrating schema \"public\" to version \"4 - harden inventory movements\"","ecs":{"version":"8.11"}}
{"@timestamp":"2026-09-25T22:11:01.017918600Z","log":{"level":"INFO","logger":"org.flywaydb.core.internal.command.DbMigrate"},"process":{"pid":27324,"thread":{"name":"main"}},"service":{"name":"distribuidora-backend","node":{}},"message":"Migrating schema \"public\" to version \"5 - create pricing tables\"","ecs":{"version":"8.11"}}
{"@timestamp":"2026-09-25T22:11:01.047864700Z","log":{"level":"INFO","logger":"org.flywaydb.core.internal.command.DbMigrate"},"process":{"pid":27324,"thread":{"name":"main"}},"service":{"name":"distribuidora-backend","node":{}},"message":"Migrating schema \"public\" to version \"6 - prepare order confirmation\"","ecs":{"version":"8.11"}}
{"@timestamp":"2026-09-25T22:11:01.085086600Z","log":{"level":"INFO","logger":"org.flywaydb.core.internal.command.DbMigrate"},"process":{"pid":27324,"thread":{"name":"main"}},"service":{"name":"distribuidora-backend","node":{}},"message":"Migrating schema \"public\" to version \"7 - add delivery cancellation support\"","ecs":{"version":"8.11"}}
{"@timestamp":"2026-09-25T22:11:01.106664200Z","log":{"level":"INFO","logger":"org.flywaydb.core.internal.command.DbMigrate"},"process":{"pid":27324,"thread":{"name":"main"}},"service":{"name":"distribuidora-backend","node":{}},"message":"Migrating schema \"public\" to version \"8 - seed roles and permissions\"","ecs":{"version":"8.11"}}
{"@timestamp":"2026-09-25T22:11:01.128286500Z","log":{"level":"INFO","logger":"org.flywaydb.core.internal.command.DbMigrate"},"process":{"pid":27324,"thread":{"name":"main"}},"service":{"name":"distribuidora-backend","node":{}},"message":"Migrating schema \"public\" to version \"9 - seed remaining price lists\"","ecs":{"version":"8.11"}}
{"@timestamp":"2026-09-25T22:11:01.139584600Z","log":{"level":"INFO","logger":"org.flywaydb.core.internal.command.DbMigrate"},"process":{"pid":27324,"thread":{"name":"main"}},"service":{"name":"distribuidora-backend","node":{}},"message":"Migrating schema \"public\" to version \"10 - allow optional customer tax id\"","ecs":{"version":"8.11"}}
{"@timestamp":"2026-09-25T22:11:01.155761Z","log":{"level":"INFO","logger":"org.flywaydb.core.internal.command.DbMigrate"},"process":{"pid":27324,"thread":{"name":"main"}},"service":{"name":"distribuidora-backend","node":{}},"message":"Migrating schema \"public\" to version \"11 - move product prices to price lists\"","ecs":{"version":"8.11"}}
{"@timestamp":"2026-09-25T22:11:01.171330600Z","log":{"level":"INFO","logger":"org.flywaydb.core.internal.command.DbMigrate"},"process":{"pid":27324,"thread":{"name":"main"}},"service":{"name":"distribuidora-backend","node":{}},"message":"Migrating schema \"public\" to version \"12 - add refresh token rotation support\"","ecs":{"version":"8.11"}}
{"@timestamp":"2026-09-25T22:11:01.182106900Z","log":{"level":"INFO","logger":"org.flywaydb.core.internal.command.DbMigrate"},"process":{"pid":27324,"thread":{"name":"main"}},"service":{"name":"distribuidora-backend","node":{}},"message":"Migrating schema \"public\" to version \"13 - create user activation tokens table\"","ecs":{"version":"8.11"}}
{"@timestamp":"2026-09-25T22:11:01.206713700Z","log":{"level":"INFO","logger":"org.flywaydb.core.internal.command.DbMigrate"},"process":{"pid":27324,"thread":{"name":"main"}},"service":{"name":"distribuidora-backend","node":{}},"message":"Migrating schema \"public\" to version \"14 - create brands and categories tables\"","ecs":{"version":"8.11"}}
{"@timestamp":"2026-09-25T22:11:01.240912Z","log":{"level":"INFO","logger":"org.flywaydb.core.internal.command.DbMigrate"},"process":{"pid":27324,"thread":{"name":"main"}},"service":{"name":"distribuidora-backend","node":{}},"message":"Migrating schema \"public\" to version \"15 - add sale returns\"","ecs":{"version":"8.11"}}
{"@timestamp":"2026-09-25T22:11:01.263729500Z","log":{"level":"INFO","logger":"org.flywaydb.core.internal.command.DbMigrate"},"process":{"pid":27324,"thread":{"name":"main"}},"service":{"name":"distribuidora-backend","node":{}},"message":"Migrating schema \"public\" to version \"16 - add payment transfer reference\"","ecs":{"version":"8.11"}}
{"@timestamp":"2026-09-25T22:11:01.284673200Z","log":{"level":"INFO","logger":"org.flywaydb.core.internal.command.DbMigrate"},"process":{"pid":27324,"thread":{"name":"main"}},"service":{"name":"distribuidora-backend","node":{}},"message":"Migrating schema \"public\" to version \"17 - add sale payment permission\"","ecs":{"version":"8.11"}}
{"@timestamp":"2026-09-25T22:11:01.295080100Z","log":{"level":"INFO","logger":"org.flywaydb.core.internal.command.DbMigrate"},"process":{"pid":27324,"thread":{"name":"main"}},"service":{"name":"distribuidora-backend","node":{}},"message":"Migrating schema \"public\" to version \"18 - add global credit limit\"","ecs":{"version":"8.11"}}
{"@timestamp":"2026-09-25T22:11:01.312024600Z","log":{"level":"INFO","logger":"org.flywaydb.core.internal.command.DbMigrate"},"process":{"pid":27324,"thread":{"name":"main"}},"service":{"name":"distribuidora-backend","node":{}},"message":"Migrating schema \"public\" to version \"19 - create transactional outbox\"","ecs":{"version":"8.11"}}
{"@timestamp":"2026-09-25T22:11:01.340620400Z","log":{"level":"INFO","logger":"org.flywaydb.core.internal.command.DbMigrate"},"process":{"pid":27324,"thread":{"name":"main"}},"service":{"name":"distribuidora-backend","node":{}},"message":"Migrating schema \"public\" to version \"20 - create notification delivery requests\"","ecs":{"version":"8.11"}}
{"@timestamp":"2026-09-25T22:11:01.365960500Z","log":{"level":"INFO","logger":"org.flywaydb.core.internal.command.DbMigrate"},"process":{"pid":27324,"thread":{"name":"main"}},"service":{"name":"distribuidora-backend","node":{}},"message":"Migrating schema \"public\" to version \"21 - add product price history\"","ecs":{"version":"8.11"}}
{"@timestamp":"2026-09-25T22:11:01.382485500Z","log":{"level":"INFO","logger":"org.flywaydb.core.internal.command.DbMigrate"},"process":{"pid":27324,"thread":{"name":"main"}},"service":{"name":"distribuidora-backend","node":{}},"message":"Migrating schema \"public\" to version \"22 - add commercial discount rules\"","ecs":{"version":"8.11"}}
{"@timestamp":"2026-09-25T22:11:01.416826Z","log":{"level":"INFO","logger":"org.flywaydb.core.internal.command.DbMigrate"},"process":{"pid":27324,"thread":{"name":"main"}},"service":{"name":"distribuidora-backend","node":{}},"message":"Migrating schema \"public\" to version \"23 - add inventory depots\"","ecs":{"version":"8.11"}}
{"@timestamp":"2026-09-25T22:11:01.448531400Z","log":{"level":"INFO","logger":"org.flywaydb.core.internal.command.DbMigrate"},"process":{"pid":27324,"thread":{"name":"main"}},"service":{"name":"distribuidora-backend","node":{}},"message":"Successfully applied 23 migrations to schema \"public\", now at version v23 (execution time 00:00.307s)","ecs":{"version":"8.11"}}
{"@timestamp":"2026-09-25T22:11:01.572472900Z","log":{"level":"INFO","logger":"org.flywaydb.core.FlywayExecutor"},"process":{"pid":27324,"thread":{"name":"main"}},"service":{"name":"distribuidora-backend","node":{}},"message":"Database: jdbc:postgresql://localhost:54153/test?loggerLevel=OFF (PostgreSQL 16.15)","ecs":{"version":"8.11"}}
{"@timestamp":"2026-09-25T22:11:01.615867300Z","log":{"level":"INFO","logger":"org.flywaydb.core.internal.command.DbValidate"},"process":{"pid":27324,"thread":{"name":"main"}},"service":{"name":"distribuidora-backend","node":{}},"message":"Successfully validated 24 migrations (execution time 00:00.019s)","ecs":{"version":"8.11"}}
{"@timestamp":"2026-09-25T22:11:01.636612800Z","log":{"level":"INFO","logger":"org.flywaydb.core.internal.command.DbMigrate"},"process":{"pid":27324,"thread":{"name":"main"}},"service":{"name":"distribuidora-backend","node":{}},"message":"Current version of schema \"public\": 23","ecs":{"version":"8.11"}}
{"@timestamp":"2026-09-25T22:11:01.640333200Z","log":{"level":"INFO","logger":"org.flywaydb.core.internal.command.DbMigrate"},"process":{"pid":27324,"thread":{"name":"main"}},"service":{"name":"distribuidora-backend","node":{}},"message":"Migrating schema \"public\" to version \"24 - unify inventory without depots\"","ecs":{"version":"8.11"}}
{"@timestamp":"2026-09-25T22:11:01.693669600Z","log":{"level":"INFO","logger":"org.flywaydb.core.internal.command.DbMigrate"},"process":{"pid":27324,"thread":{"name":"main"}},"service":{"name":"distribuidora-backend","node":{}},"message":"Successfully applied 1 migration to schema \"public\", now at version v24 (execution time 00:00.032s)","ecs":{"version":"8.11"}}
]]></system-out>
  </testcase>
</testsuite>