<?xml version="1.0" encoding="UTF-8"?>
<testsuite xmlns:xsi="http://www.w3.org/2001/XMLSchema-instance" xsi:noNamespaceSchemaLocation="https://maven.apache.org/surefire/maven-surefire-plugin/xsd/surefire-test-report.xsd" version="3.0.2" name="com.distribuidora.integration.PostgresBackendFixesIntegrationTest" time="12.531" tests="25" errors="0" skipped="0" failures="0" flakes="0">
  <properties>
[...]
</properties>
  <testcase name="priceHistoryResolvesCurrentAndFuturePricesAndCancelsScheduledChange" classname="com.distribuidora.integration.PostgresBackendFixesIntegrationTest" time="0.235">
    <system-out><![CDATA[19:11:26.585 [main] INFO org.springframework.test.context.support.AnnotationConfigContextLoaderUtils -- Could not detect default configuration classes for test class [com.distribuidora.integration.PostgresBackendFixesIntegrationTest]: PostgresBackendFixesIntegrationTest does not declare any static, non-private, non-final, nested classes annotated with @Configuration.
19:11:26.740 [main] INFO org.springframework.boot.test.context.SpringBootTestContextBootstrapper -- Found @SpringBootConfiguration com.distribuidora.DistribuidoraApplication for test class com.distribuidora.integration.PostgresBackendFixesIntegrationTest
{"@timestamp":"2026-09-25T22:11:27.103863300Z","log":{"level":"INFO","logger":"com.distribuidora.integration.PostgresBackendFixesIntegrationTest"},"process":{"pid":34628,"thread":{"name":"main"}},"service":{"name":"distribuidora-backend","node":{}},"message":"Starting PostgresBackendFixesIntegrationTest using Java 21.0.10 with PID 34628 (started by Martin in P:\\dev\\distribuidora\\backend)","ecs":{"version":"8.11"}}
{"@timestamp":"2026-09-25T22:11:27.110876600Z","log":{"level":"INFO","logger":"com.distribuidora.integration.PostgresBackendFixesIntegrationTest"},"process":{"pid":34628,"thread":{"name":"main"}},"service":{"name":"distribuidora-backend","node":{}},"message":"No active profile set, falling back to 1 default profile: \"default\"","ecs":{"version":"8.11"}}
{"@timestamp":"2026-09-25T22:11:28.238661900Z","log":{"level":"INFO","logger":"org.springframework.data.repository.config.RepositoryConfigurationDelegate"},"process":{"pid":34628,"thread":{"name":"main"}},"service":{"name":"distribuidora-backend","node":{}},"message":"Bootstrapping Spring Data JPA repositories in DEFAULT mode.","ecs":{"version":"8.11"}}
{"@timestamp":"2026-09-25T22:11:28.344222200Z","log":{"level":"INFO","logger":"org.springframework.data.repository.config.RepositoryConfigurationDelegate"},"process":{"pid":34628,"thread":{"name":"main"}},"service":{"name":"distribuidora-backend","node":{}},"message":"Finished Spring Data repository scanning in 93 ms. Found 5 JPA repository interfaces.","ecs":{"version":"8.11"}}
{"@timestamp":"2026-09-25T22:11:30.271907500Z","log":{"level":"INFO","logger":"com.zaxxer.hikari.HikariDataSource"},"process":{"pid":34628,"thread":{"name":"main"}},"service":{"name":"distribuidora-backend","node":{}},"message":"HikariPool-1 - Starting...","ecs":{"version":"8.11"}}
{"@timestamp":"2026-09-25T22:11:30.500214800Z","log":{"level":"INFO","logger":"com.zaxxer.hikari.pool.HikariPool"},"process":{"pid":34628,"thread":{"name":"main"}},"service":{"name":"distribuidora-backend","node":{}},"message":"HikariPool-1 - Added connection org.postgresql.jdbc.PgConnection@319d106c","ecs":{"version":"8.11"}}
{"@timestamp":"2026-09-25T22:11:30.502656300Z","log":{"level":"INFO","logger":"com.zaxxer.hikari.HikariDataSource"},"process":{"pid":34628,"thread":{"name":"main"}},"service":{"name":"distribuidora-backend","node":{}},"message":"HikariPool-1 - Start completed.","ecs":{"version":"8.11"}}
{"@timestamp":"2026-09-25T22:11:30.533859500Z","log":{"level":"INFO","logger":"org.flywaydb.core.FlywayExecutor"},"process":{"pid":34628,"thread":{"name":"main"}},"service":{"name":"distribuidora-backend","node":{}},"message":"Database: jdbc:postgresql://localhost:62417/distribuidora (PostgreSQL 16.15)","ecs":{"version":"8.11"}}
{"@timestamp":"2026-09-25T22:11:30.604188400Z","log":{"level":"INFO","logger":"org.flywaydb.core.internal.schemahistory.JdbcTableSchemaHistory"},"process":{"pid":34628,"thread":{"name":"main"}},"service":{"name":"distribuidora-backend","node":{}},"message":"Schema history table \"public\".\"flyway_schema_history\" does not exist yet","ecs":{"version":"8.11"}}
{"@timestamp":"2026-09-25T22:11:30.615671800Z","log":{"level":"INFO","logger":"org.flywaydb.core.internal.command.DbValidate"},"process":{"pid":34628,"thread":{"name":"main"}},"service":{"name":"distribuidora-backend","node":{}},"message":"Successfully validated 24 migrations (execution time 00:00.038s)","ecs":{"version":"8.11"}}
{"@timestamp":"2026-09-25T22:11:30.646672900Z","log":{"level":"INFO","logger":"org.flywaydb.core.internal.schemahistory.JdbcTableSchemaHistory"},"process":{"pid":34628,"thread":{"name":"main"}},"service":{"name":"distribuidora-backend","node":{}},"message":"Creating Schema History table \"public\".\"flyway_schema_history\" ...","ecs":{"version":"8.11"}}
{"@timestamp":"2026-09-25T22:11:30.728310Z","log":{"level":"INFO","logger":"org.flywaydb.core.internal.command.DbMigrate"},"process":{"pid":34628,"thread":{"name":"main"}},"service":{"name":"distribuidora-backend","node":{}},"message":"Current version of schema \"public\": << Empty Schema >>","ecs":{"version":"8.11"}}
{"@timestamp":"2026-09-25T22:11:30.747871Z","log":{"level":"INFO","logger":"org.flywaydb.core.internal.command.DbMigrate"},"process":{"pid":34628,"thread":{"name":"main"}},"service":{"name":"distribuidora-backend","node":{}},"message":"Migrating schema \"public\" to version \"1 - create module schemas\"","ecs":{"version":"8.11"}}
{"@timestamp":"2026-09-25T22:11:30.791180400Z","log":{"level":"INFO","logger":"org.flywaydb.core.internal.command.DbMigrate"},"process":{"pid":34628,"thread":{"name":"main"}},"service":{"name":"distribuidora-backend","node":{}},"message":"Migrating schema \"public\" to version \"2 - create identity and audit tables\"","ecs":{"version":"8.11"}}
{"@timestamp":"2026-09-25T22:11:30.845362900Z","log":{"level":"INFO","logger":"org.flywaydb.core.internal.command.DbMigrate"},"process":{"pid":34628,"thread":{"name":"main"}},"service":{"name":"distribuidora-backend","node":{}},"message":"Migrating schema \"public\" to version \"3 - create commercial tables\"","ecs":{"version":"8.11"}}
{"@timestamp":"2026-09-25T22:11:30.897831800Z","log":{"level":"INFO","logger":"org.flywaydb.core.internal.command.DbMigrate"},"process":{"pid":34628,"thread":{"name":"main"}},"service":{"name":"distribuidora-backend","node":{}},"message":"Migrating schema \"public\" to version \"4 - harden inventory movements\"","ecs":{"version":"8.11"}}
{"@timestamp":"2026-09-25T22:11:30.931586500Z","log":{"level":"INFO","logger":"org.flywaydb.core.internal.command.DbMigrate"},"process":{"pid":34628,"thread":{"name":"main"}},"service":{"name":"distribuidora-backend","node":{}},"message":"Migrating schema \"public\" to version \"5 - create pricing tables\"","ecs":{"version":"8.11"}}
{"@timestamp":"2026-09-25T22:11:30.963412300Z","log":{"level":"INFO","logger":"org.flywaydb.core.internal.command.DbMigrate"},"process":{"pid":34628,"thread":{"name":"main"}},"service":{"name":"distribuidora-backend","node":{}},"message":"Migrating schema \"public\" to version \"6 - prepare order confirmation\"","ecs":{"version":"8.11"}}
{"@timestamp":"2026-09-25T22:11:30.987292800Z","log":{"level":"INFO","logger":"org.flywaydb.core.internal.command.DbMigrate"},"process":{"pid":34628,"thread":{"name":"main"}},"service":{"name":"distribuidora-backend","node":{}},"message":"Migrating schema \"public\" to version \"7 - add delivery cancellation support\"","ecs":{"version":"8.11"}}
{"@timestamp":"2026-09-25T22:11:31.015946600Z","log":{"level":"INFO","logger":"org.flywaydb.core.internal.command.DbMigrate"},"process":{"pid":34628,"thread":{"name":"main"}},"service":{"name":"distribuidora-backend","node":{}},"message":"Migrating schema \"public\" to version \"8 - seed roles and permissions\"","ecs":{"version":"8.11"}}
{"@timestamp":"2026-09-25T22:11:31.031522500Z","log":{"level":"INFO","logger":"org.flywaydb.core.internal.command.DbMigrate"},"process":{"pid":34628,"thread":{"name":"main"}},"service":{"name":"distribuidora-backend","node":{}},"message":"Migrating schema \"public\" to version \"9 - seed remaining price lists\"","ecs":{"version":"8.11"}}
{"@timestamp":"2026-09-25T22:11:31.048672800Z","log":{"level":"INFO","logger":"org.flywaydb.core.internal.command.DbMigrate"},"process":{"pid":34628,"thread":{"name":"main"}},"service":{"name":"distribuidora-backend","node":{}},"message":"Migrating schema \"public\" to version \"10 - allow optional customer tax id\"","ecs":{"version":"8.11"}}
{"@timestamp":"2026-09-25T22:11:31.061375500Z","log":{"level":"INFO","logger":"org.flywaydb.core.internal.command.DbMigrate"},"process":{"pid":34628,"thread":{"name":"main"}},"service":{"name":"distribuidora-backend","node":{}},"message":"Migrating schema \"public\" to version \"11 - move product prices to price lists\"","ecs":{"version":"8.11"}}
{"@timestamp":"2026-09-25T22:11:31.075587500Z","log":{"level":"INFO","logger":"org.flywaydb.core.internal.command.DbMigrate"},"process":{"pid":34628,"thread":{"name":"main"}},"service":{"name":"distribuidora-backend","node":{}},"message":"Migrating schema \"public\" to version \"12 - add refresh token rotation support\"","ecs":{"version":"8.11"}}
{"@timestamp":"2026-09-25T22:11:31.096562500Z","log":{"level":"INFO","logger":"org.flywaydb.core.internal.command.DbMigrate"},"process":{"pid":34628,"thread":{"name":"main"}},"service":{"name":"distribuidora-backend","node":{}},"message":"Migrating schema \"public\" to version \"13 - create user activation tokens table\"","ecs":{"version":"8.11"}}
{"@timestamp":"2026-09-25T22:11:31.109507300Z","log":{"level":"INFO","logger":"org.flywaydb.core.internal.command.DbMigrate"},"process":{"pid":34628,"thread":{"name":"main"}},"service":{"name":"distribuidora-backend","node":{}},"message":"Migrating schema \"public\" to version \"14 - create brands and categories tables\"","ecs":{"version":"8.11"}}
{"@timestamp":"2026-09-25T22:11:31.144514700Z","log":{"level":"INFO","logger":"org.flywaydb.core.internal.command.DbMigrate"},"process":{"pid":34628,"thread":{"name":"main"}},"service":{"name":"distribuidora-backend","node":{}},"message":"Migrating schema \"public\" to version \"15 - add sale returns\"","ecs":{"version":"8.11"}}
{"@timestamp":"2026-09-25T22:11:31.180453700Z","log":{"level":"INFO","logger":"org.flywaydb.core.internal.command.DbMigrate"},"process":{"pid":34628,"thread":{"name":"main"}},"service":{"name":"distribuidora-backend","node":{}},"message":"Migrating schema \"public\" to version \"16 - add payment transfer reference\"","ecs":{"version":"8.11"}}
{"@timestamp":"2026-09-25T22:11:31.192470200Z","log":{"level":"INFO","logger":"org.flywaydb.core.internal.command.DbMigrate"},"process":{"pid":34628,"thread":{"name":"main"}},"service":{"name":"distribuidora-backend","node":{}},"message":"Migrating schema \"public\" to version \"17 - add sale payment permission\"","ecs":{"version":"8.11"}}
{"@timestamp":"2026-09-25T22:11:31.213465900Z","log":{"level":"INFO","logger":"org.flywaydb.core.internal.command.DbMigrate"},"process":{"pid":34628,"thread":{"name":"main"}},"service":{"name":"distribuidora-backend","node":{}},"message":"Migrating schema \"public\" to version \"18 - add global credit limit\"","ecs":{"version":"8.11"}}
{"@timestamp":"2026-09-25T22:11:31.232459900Z","log":{"level":"INFO","logger":"org.flywaydb.core.internal.command.DbMigrate"},"process":{"pid":34628,"thread":{"name":"main"}},"service":{"name":"distribuidora-backend","node":{}},"message":"Migrating schema \"public\" to version \"19 - create transactional outbox\"","ecs":{"version":"8.11"}}
{"@timestamp":"2026-09-25T22:11:31.259205800Z","log":{"level":"INFO","logger":"org.flywaydb.core.internal.command.DbMigrate"},"process":{"pid":34628,"thread":{"name":"main"}},"service":{"name":"distribuidora-backend","node":{}},"message":"Migrating schema \"public\" to version \"20 - create notification delivery requests\"","ecs":{"version":"8.11"}}
{"@timestamp":"2026-09-25T22:11:31.283270400Z","log":{"level":"INFO","logger":"org.flywaydb.core.internal.command.DbMigrate"},"process":{"pid":34628,"thread":{"name":"main"}},"service":{"name":"distribuidora-backend","node":{}},"message":"Migrating schema \"public\" to version \"21 - add product price history\"","ecs":{"version":"8.11"}}
{"@timestamp":"2026-09-25T22:11:31.312445300Z","log":{"level":"INFO","logger":"org.flywaydb.core.internal.command.DbMigrate"},"process":{"pid":34628,"thread":{"name":"main"}},"service":{"name":"distribuidora-backend","node":{}},"message":"Migrating schema \"public\" to version \"22 - add commercial discount rules\"","ecs":{"version":"8.11"}}
{"@timestamp":"2026-09-25T22:11:31.346808800Z","log":{"level":"INFO","logger":"org.flywaydb.core.internal.command.DbMigrate"},"process":{"pid":34628,"thread":{"name":"main"}},"service":{"name":"distribuidora-backend","node":{}},"message":"Migrating schema \"public\" to version \"23 - add inventory depots\"","ecs":{"version":"8.11"}}
{"@timestamp":"2026-09-25T22:11:31.388569800Z","log":{"level":"INFO","logger":"org.flywaydb.core.internal.command.DbMigrate"},"process":{"pid":34628,"thread":{"name":"main"}},"service":{"name":"distribuidora-backend","node":{}},"message":"Migrating schema \"public\" to version \"24 - unify inventory without depots\"","ecs":{"version":"8.11"}}
{"@timestamp":"2026-09-25T22:11:31.426538800Z","log":{"level":"INFO","logger":"org.flywaydb.core.internal.command.DbMigrate"},"process":{"pid":34628,"thread":{"name":"main"}},"service":{"name":"distribuidora-backend","node":{}},"message":"Successfully applied 24 migrations to schema \"public\", now at version v24 (execution time 00:00.372s)","ecs":{"version":"8.11"}}
{"@timestamp":"2026-09-25T22:11:31.624856400Z","log":{"level":"INFO","logger":"org.hibernate.jpa.internal.util.LogHelper"},"process":{"pid":34628,"thread":{"name":"main"}},"service":{"name":"distribuidora-backend","node":{}},"message":"HHH000204: Processing PersistenceUnitInfo [name: default]","ecs":{"version":"8.11"}}
{"@timestamp":"2026-09-25T22:11:31.753185200Z","log":{"level":"INFO","logger":"org.hibernate.Version"},"process":{"pid":34628,"thread":{"name":"main"}},"service":{"name":"distribuidora-backend","node":{}},"message":"HHH000412: Hibernate ORM core version 6.6.53.Final","ecs":{"version":"8.11"}}
{"@timestamp":"2026-09-25T22:11:31.826586400Z","log":{"level":"INFO","logger":"org.hibernate.cache.internal.RegionFactoryInitiator"},"process":{"pid":34628,"thread":{"name":"main"}},"service":{"name":"distribuidora-backend","node":{}},"message":"HHH000026: Second-level cache disabled","ecs":{"version":"8.11"}}
{"@timestamp":"2026-09-25T22:11:31.934393800Z","log":{"level":"INFO","logger":"org.springframework.orm.jpa.persistenceunit.SpringPersistenceUnitInfo"},"process":{"pid":34628,"thread":{"name":"main"}},"service":{"name":"distribuidora-backend","node":{}},"message":"No LoadTimeWeaver setup: ignoring JPA class transformer","ecs":{"version":"8.11"}}
{"@timestamp":"2026-09-25T22:11:32.006542900Z","log":{"level":"INFO","logger":"org.hibernate.orm.connections.pooling"},"process":{"pid":34628,"thread":{"name":"main"}},"service":{"name":"distribuidora-backend","node":{}},"message":"HHH10001005: Database info:\n\tDatabase JDBC URL [Connecting through datasource 'HikariDataSource (HikariPool-1)']\n\tDatabase driver: undefined/unknown\n\tDatabase version: 16.15\n\tAutocommit mode: undefined/unknown\n\tIsolation level: undefined/unknown\n\tMinimum pool size: undefined/unknown\n\tMaximum pool size: undefined/unknown","ecs":{"version":"8.11"}}
{"@timestamp":"2026-09-25T22:11:32.592288300Z","log":{"level":"INFO","logger":"org.hibernate.engine.transaction.jta.platform.internal.JtaPlatformInitiator"},"process":{"pid":34628,"thread":{"name":"main"}},"service":{"name":"distribuidora-backend","node":{}},"message":"HHH000489: No JTA platform available (set 'hibernate.transaction.jta.platform' to enable JTA platform integration)","ecs":{"version":"8.11"}}
{"@timestamp":"2026-09-25T22:11:32.642990200Z","log":{"level":"INFO","logger":"org.springframework.orm.jpa.LocalContainerEntityManagerFactoryBean"},"process":{"pid":34628,"thread":{"name":"main"}},"service":{"name":"distribuidora-backend","node":{}},"message":"Initialized JPA EntityManagerFactory for persistence unit 'default'","ecs":{"version":"8.11"}}
{"@timestamp":"2026-09-25T22:11:33.007335100Z","log":{"level":"INFO","logger":"org.springframework.data.jpa.repository.query.QueryEnhancerFactory"},"process":{"pid":34628,"thread":{"name":"main"}},"service":{"name":"distribuidora-backend","node":{}},"message":"Hibernate is in classpath; If applicable, HQL parser will be used.","ecs":{"version":"8.11"}}
{"@timestamp":"2026-09-25T22:11:34.014845900Z","log":{"level":"WARN","logger":"org.springframework.boot.autoconfigure.security.servlet.UserDetailsServiceAutoConfiguration"},"process":{"pid":34628,"thread":{"name":"main"}},"service":{"name":"distribuidora-backend","node":{}},"message":"\r\n\r\nUsing generated security password: d16e962f-47ef-491e-b787-3581510fe7c8\r\n\r\nThis generated password is for development use only. Your security configuration must be updated before running your application in production.\r\n","ecs":{"version":"8.11"}}
{"@timestamp":"2026-09-25T22:11:34.020421400Z","log":{"level":"INFO","logger":"org.springframework.security.config.annotation.authentication.configuration.InitializeUserDetailsBeanManagerConfigurer$InitializeUserDetailsManagerConfigurer"},"process":{"pid":34628,"thread":{"name":"main"}},"service":{"name":"distribuidora-backend","node":{}},"message":"Global AuthenticationManager configured with UserDetailsService bean with name inMemoryUserDetailsManager","ecs":{"version":"8.11"}}
{"@timestamp":"2026-09-25T22:11:34.429422300Z","log":{"level":"INFO","logger":"org.springframework.boot.actuate.endpoint.web.EndpointLinksResolver"},"process":{"pid":34628,"thread":{"name":"main"}},"service":{"name":"distribuidora-backend","node":{}},"message":"Exposing 3 endpoints beneath base path '/actuator'","ecs":{"version":"8.11"}}
{"@timestamp":"2026-09-25T22:11:34.836728Z","log":{"level":"INFO","logger":"org.springframework.boot.test.mock.web.SpringBootMockServletContext"},"process":{"pid":34628,"thread":{"name":"main"}},"service":{"name":"distribuidora-backend","node":{}},"message":"Initializing Spring TestDispatcherServlet ''","ecs":{"version":"8.11"}}
{"@timestamp":"2026-09-25T22:11:34.836728Z","log":{"level":"INFO","logger":"org.springframework.test.web.servlet.TestDispatcherServlet"},"process":{"pid":34628,"thread":{"name":"main"}},"service":{"name":"distribuidora-backend","node":{}},"message":"Initializing Servlet ''","ecs":{"version":"8.11"}}
{"@timestamp":"2026-09-25T22:11:34.838728Z","log":{"level":"INFO","logger":"org.springframework.test.web.servlet.TestDispatcherServlet"},"process":{"pid":34628,"thread":{"name":"main"}},"service":{"name":"distribuidora-backend","node":{}},"message":"Completed initialization in 2 ms","ecs":{"version":"8.11"}}
{"@timestamp":"2026-09-25T22:11:34.884445900Z","log":{"level":"INFO","logger":"com.distribuidora.integration.PostgresBackendFixesIntegrationTest"},"process":{"pid":34628,"thread":{"name":"main"}},"service":{"name":"distribuidora-backend","node":{}},"message":"Started PostgresBackendFixesIntegrationTest in 8.034 seconds (process running for 8.967)","ecs":{"version":"8.11"}}
]]></system-out>
    <system-err><![CDATA[Mockito is currently self-attaching to enable the inline-mock-maker. This will no longer work in future releases of the JDK. Please add Mockito as an agent to your build as described in Mockito's documentation: https://javadoc.io/doc/org.mockito/mockito-core/latest/org.mockito/org/mockito/Mockito.html#0.3
WARNING: A Java agent has been loaded dynamically (C:\Users\marti\.m2\repository\net\bytebuddy\byte-buddy-agent\1.17.8\byte-buddy-agent-1.17.8.jar)
WARNING: If a serviceability tool is in use, please run with -XX:+EnableDynamicAgentLoading to hide this warning
WARNING: If a serviceability tool is not in use, please run with -Djdk.instrument.traceUsage for more information
WARNING: Dynamic loading of agents will be disallowed by default in a future release
]]></system-err>
  </testcase>
  <testcase name="specificAccountPaymentCannotExceedSaleOrCustomerDebt" classname="com.distribuidora.integration.PostgresBackendFixesIntegrationTest" time="0.222"/>
  <testcase name="saleReturnsRespectRemainingQuantityAndRollbackAllInventoryChangesOnFailure" classname="com.distribuidora.integration.PostgresBackendFixesIntegrationTest" time="0.129"/>
  <testcase name="deliveredOrderRecordsCashAndTransferAndLeavesRemainderOnAccount" classname="com.distribuidora.integration.PostgresBackendFixesIntegrationTest" time="0.104"/>
  <testcase name="productCategoryAndBrandReferencesPersistAndInactiveReferencesAreRejected" classname="com.distribuidora.integration.PostgresBackendFixesIntegrationTest" time="0.063"/>
  <testcase name="httpPermissionChangeRevokesOldJwtAndUpdatesNewLoginAuthorities" classname="com.distribuidora.integration.PostgresBackendFixesIntegrationTest" time="0.628"/>
  <testcase name="concurrentFifoPaymentsCannotAllocateTheSameDebtTwice" classname="com.distribuidora.integration.PostgresBackendFixesIntegrationTest" time="0.088"/>
  <testcase name="editingThenCancellingOrderRestoresOnlyItsNetStockEffect" classname="com.distribuidora.integration.PostgresBackendFixesIntegrationTest" time="0.111"/>
  <testcase name="orderLifecycleUsesSingleProductStockForSaleEditReturnAndCancellation" classname="com.distribuidora.integration.PostgresBackendFixesIntegrationTest" time="0.237"/>
  <testcase name="persistsScopedDiscountRulesAndSnapshotsAppliedRulesOnOrderAndSale" classname="com.distribuidora.integration.PostgresBackendFixesIntegrationTest" time="0.103"/>
  <testcase name="accountPaymentSupportsFifoAndSpecificSaleAllocation" classname="com.distribuidora.integration.PostgresBackendFixesIntegrationTest" time="0.082"/>
  <testcase name="sellerReassignmentChangesOnlyConfirmedOrders" classname="com.distribuidora.integration.PostgresBackendFixesIntegrationTest" time="0.065"/>
  <testcase name="notificationRequestIsIdempotentAuditedAndDeliveredFromOutbox" classname="com.distribuidora.integration.PostgresBackendFixesIntegrationTest" time="0.299"/>
  <testcase name="deliveryCollectionAboveOutstandingDebtRollsBackAllEffects" classname="com.distribuidora.integration.PostgresBackendFixesIntegrationTest" time="0.084"/>
  <testcase name="adminSessionActionsPersistVersionStatusAndTokenRevocation" classname="com.distribuidora.integration.PostgresBackendFixesIntegrationTest" time="0.087"/>
  <testcase name="confirmedOrderIsWrittenToOutboxAndWorkerRetriesWithStableIdempotencyKey" classname="com.distribuidora.integration.PostgresBackendFixesIntegrationTest" time="0.119">
    <system-out><![CDATA[{"@timestamp":"2026-09-25T22:11:37.597669200Z","log":{"level":"WARN","logger":"com.distribuidora.notification.application.OutboxWorker"},"process":{"pid":34628,"thread":{"name":"main"}},"service":{"name":"distribuidora-backend","node":{}},"message":"Outbox event 902d836b-9c63-4b72-a3c6-9de7614a0be3 failed on attempt 1","ecs":{"version":"8.11"}}
]]></system-out>
  </testcase>
  <testcase name="concurrentReturnsCannotExceedTheSoldQuantity" classname="com.distribuidora.integration.PostgresBackendFixesIntegrationTest" time="0.092"/>
  <testcase name="adminCanEditConfirmedOrderAndReconcilesStockPaymentsAndAccountDebt" classname="com.distribuidora.integration.PostgresBackendFixesIntegrationTest" time="0.098"/>
  <testcase name="refreshReplayRevokesSessionsButLogoutRevocationDoesNot" classname="com.distribuidora.integration.PostgresBackendFixesIntegrationTest" time="0.192"/>
  <testcase name="editRejectsNewTotalBelowAmountAlreadyPaidWithoutChangingSale" classname="com.distribuidora.integration.PostgresBackendFixesIntegrationTest" time="0.058"/>
  <testcase name="refreshTokenLookupSerializesConcurrentPostgresTransactions" classname="com.distribuidora.integration.PostgresBackendFixesIntegrationTest" time="0.362"/>
  <testcase name="administratorSellerSelectionPersistsOnOrderWithoutReassigningCustomer" classname="com.distribuidora.integration.PostgresBackendFixesIntegrationTest" time="0.103"/>
  <testcase name="httpLoginLoadsPersistedAuthoritiesAndRoleChangeRejectsOldAccessToken" classname="com.distribuidora.integration.PostgresBackendFixesIntegrationTest" time="0.238"/>
  <testcase name="globalCreditLimitWarnsAndAuditsWithoutBlockingAndPersistsIdempotentWarning" classname="com.distribuidora.integration.PostgresBackendFixesIntegrationTest" time="0.142"/>
  <testcase name="roleAdministrationListsUsersAndInvalidatesSessionsWhenPermissionsChange" classname="com.distribuidora.integration.PostgresBackendFixesIntegrationTest" time="0.107"/>
</testsuite>